This file contains any messages produced by compilers while
running configure, to aid debugging if configure makes a mistake.

It was created by muParser configure 2.2.2, which was
generated by GNU Autoconf 2.68.  Invocation command line was

  $ ./configure --enable-shared=no

## --------- ##
## Platform. ##
## --------- ##

hostname = dumbo
uname -m = x86_64
uname -r = 3.0.12
uname -s = Linux
uname -v = #1 SMP Wed Nov 30 19:42:40 EST 2011

/usr/bin/uname -p = unknown
/bin/uname -X     = unknown

/bin/arch              = unknown
/usr/bin/arch -k       = unknown
/usr/convex/getsysinfo = unknown
/usr/bin/hostinfo      = unknown
/bin/machine           = unknown
/usr/bin/oslevel       = unknown
/bin/universe          = unknown

PATH: /net/fantasia/home/zhanxw/bin
PATH: /net/dumbo/home/zhanxw/intel/inspector_xe_2011
PATH: /net/dumbo/home/zhanxw/intel/vtune_amplifier_xe_2011/bin64
PATH: /home/zhanxw/java/bin
PATH: /home/zhanxw/qt4/bin
PATH: /home/zhanxw/git/bin
PATH: /net/fantasia/home/zhanxw/bin
PATH: /net/fantasia/home/zhanxw/bin
PATH: /usr/local/sbin
PATH: /usr/local/bin
PATH: /usr/sbin
PATH: /usr/bin
PATH: /sbin
PATH: /bin
PATH: /usr/games
PATH: /usr/cluster/bin
PATH: /net/fantasia/home/zhanxw/Sanger/prog
PATH: /home/zhanxw/python/bin
PATH: /home/zhanxw/git/bin
PATH: /usr/cluster/bin
PATH: /home/zhanxw/bin
PATH: /usr/local/sbin
PATH: /usr/local/bin
PATH: /usr/sbin
PATH: /usr/bin
PATH: /sbin
PATH: /bin
PATH: /usr/games
PATH: /usr/cluster/bin
PATH: /home/zhanxw/bin
PATH: /home/zhanxw/Sanger/prog


## ----------- ##
## Core tests. ##
## ----------- ##

configure:1970: checking build system type
configure:1984: result: x86_64-unknown-linux-gnu
configure:2004: checking host system type
configure:2017: result: x86_64-unknown-linux-gnu
configure:2037: checking target system type
configure:2050: result: x86_64-unknown-linux-gnu
configure:2086: checking for gawk
configure:2102: found /usr/bin/gawk
configure:2113: result: gawk
configure:2138: checking for a BSD-compatible install
configure:2206: result: /usr/bin/install -c
configure:2217: checking whether ln -s works
configure:2221: result: yes
configure:2271: checking for ranlib
configure:2287: found /usr/bin/ranlib
configure:2298: result: ranlib
configure:2368: checking for gcc
configure:2384: found /usr/bin/gcc
configure:2395: result: gcc
configure:2624: checking for C compiler version
configure:2633: gcc --version >&5
gcc (Ubuntu 4.4.3-4ubuntu5) 4.4.3
Copyright (C) 2009 Free Software Foundation, Inc.
This is free software; see the source for copying conditions.  There is NO
warranty; not even for MERCHANTABILITY or FITNESS FOR A PARTICULAR PURPOSE.

configure:2644: $? = 0
configure:2633: gcc -v >&5
Using built-in specs.
Target: x86_64-linux-gnu
Configured with: ../src/configure -v --with-pkgversion='Ubuntu 4.4.3-4ubuntu5' --with-bugurl=file:///usr/share/doc/gcc-4.4/README.Bugs --enable-languages=c,c++,fortran,objc,obj-c++ --prefix=/usr --enable-shared --enable-multiarch --enable-linker-build-id --with-system-zlib --libexecdir=/usr/lib --without-included-gettext --enable-threads=posix --with-gxx-include-dir=/usr/include/c++/4.4 --program-suffix=-4.4 --enable-nls --enable-clocale=gnu --enable-libstdcxx-debug --enable-plugin --enable-objc-gc --disable-werror --with-arch-32=i486 --with-tune=generic --enable-checking=release --build=x86_64-linux-gnu --host=x86_64-linux-gnu --target=x86_64-linux-gnu
Thread model: posix
gcc version 4.4.3 (Ubuntu 4.4.3-4ubuntu5) 
configure:2644: $? = 0
configure:2633: gcc -V >&5
gcc: '-V' option must have argument
configure:2644: $? = 1
configure:2633: gcc -qversion >&5
gcc: unrecognized option '-qversion'
gcc: no input files
configure:2644: $? = 1
configure:2664: checking whether the C compiler works
configure:2686: gcc    conftest.c  >&5
configure:2690: $? = 0
configure:2738: result: yes
configure:2741: checking for C compiler default output file name
configure:2743: result: a.out
configure:2749: checking for suffix of executables
configure:2756: gcc -o conftest    conftest.c  >&5
configure:2760: $? = 0
configure:2782: result: 
configure:2804: checking whether we are cross compiling
configure:2812: gcc -o conftest    conftest.c  >&5
configure:2816: $? = 0
configure:2823: ./conftest
configure:2827: $? = 0
configure:2842: result: no
configure:2847: checking for suffix of object files
configure:2869: gcc -c   conftest.c >&5
configure:2873: $? = 0
configure:2894: result: o
configure:2898: checking whether we are using the GNU C compiler
configure:2917: gcc -c   conftest.c >&5
configure:2917: $? = 0
configure:2926: result: yes
configure:2935: checking whether gcc accepts -g
configure:2955: gcc -c -g  conftest.c >&5
configure:2955: $? = 0
configure:2996: result: yes
configure:3013: checking for gcc option to accept ISO C89
configure:3077: gcc  -c   conftest.c >&5
configure:3077: $? = 0
configure:3090: result: none needed
configure:3168: checking for g++
configure:3184: found /usr/bin/g++
configure:3195: result: g++
configure:3222: checking for C++ compiler version
configure:3231: g++ --version >&5
g++ (Ubuntu 4.4.3-4ubuntu5) 4.4.3
Copyright (C) 2009 Free Software Foundation, Inc.
This is free software; see the source for copying conditions.  There is NO
warranty; not even for MERCHANTABILITY or FITNESS FOR A PARTICULAR PURPOSE.

configure:3242: $? = 0
configure:3231: g++ -v >&5
Using built-in specs.
Target: x86_64-linux-gnu
Configured with: ../src/configure -v --with-pkgversion='Ubuntu 4.4.3-4ubuntu5' --with-bugurl=file:///usr/share/doc/gcc-4.4/README.Bugs --enable-languages=c,c++,fortran,objc,obj-c++ --prefix=/usr --enable-shared --enable-multiarch --enable-linker-build-id --with-system-zlib --libexecdir=/usr/lib --without-included-gettext --enable-threads=posix --with-gxx-include-dir=/usr/include/c++/4.4 --program-suffix=-4.4 --enable-nls --enable-clocale=gnu --enable-libstdcxx-debug --enable-plugin --enable-objc-gc --disable-werror --with-arch-32=i486 --with-tune=generic --enable-checking=release --build=x86_64-linux-gnu --host=x86_64-linux-gnu --target=x86_64-linux-gnu
Thread model: posix
gcc version 4.4.3 (Ubuntu 4.4.3-4ubuntu5) 
configure:3242: $? = 0
configure:3231: g++ -V >&5
g++: '-V' option must have argument
configure:3242: $? = 1
configure:3231: g++ -qversion >&5
g++: unrecognized option '-qversion'
g++: no input files
configure:3242: $? = 1
configure:3246: checking whether we are using the GNU C++ compiler
configure:3265: g++ -c   conftest.cpp >&5
configure:3265: $? = 0
configure:3274: result: yes
configure:3283: checking whether g++ accepts -g
configure:3303: g++ -c -g  conftest.cpp >&5
configure:3303: $? = 0
configure:3344: result: yes
configure:3372: checking how to run the C++ preprocessor
configure:3399: g++ -E  conftest.cpp
configure:3399: $? = 0
configure:3413: g++ -E  conftest.cpp
conftest.cpp:9:28: error: ac_nonexistent.h: No such file or directory
configure:3413: $? = 1
configure: failed program was:
| /* confdefs.h */
| #define PACKAGE_NAME "muParser"
| #define PACKAGE_TARNAME "muparser"
| #define PACKAGE_VERSION "2.2.2"
| #define PACKAGE_STRING "muParser 2.2.2"
| #define PACKAGE_BUGREPORT "muparser@beltoforion.de"
| #define PACKAGE_URL ""
| /* end confdefs.h.  */
| #include <ac_nonexistent.h>
configure:3438: result: g++ -E
configure:3458: g++ -E  conftest.cpp
configure:3458: $? = 0
configure:3472: g++ -E  conftest.cpp
conftest.cpp:9:28: error: ac_nonexistent.h: No such file or directory
configure:3472: $? = 1
configure: failed program was:
| /* confdefs.h */
| #define PACKAGE_NAME "muParser"
| #define PACKAGE_TARNAME "muparser"
| #define PACKAGE_VERSION "2.2.2"
| #define PACKAGE_STRING "muParser 2.2.2"
| #define PACKAGE_BUGREPORT "muparser@beltoforion.de"
| #define PACKAGE_URL ""
| /* end confdefs.h.  */
| #include <ac_nonexistent.h>
configure:3517: checking for the --enable-debug option
configure:3524: result: no
configure:3554: checking for the --enable-shared option
configure:3561: result: no
configure:3576: checking for the --enable-samples option
configure:3579: result: yes
configure:3605: checking whether we are using the Intel C compiler
configure:3625: gcc -c  -O2  conftest.c >&5
conftest.c: In function 'main':
conftest.c:15: error: 'choke' undeclared (first use in this function)
conftest.c:15: error: (Each undeclared identifier is reported only once
conftest.c:15: error: for each function it appears in.)
conftest.c:15: error: expected ';' before 'me'
configure:3625: $? = 1
configure: failed program was:
| /* confdefs.h */
| #define PACKAGE_NAME "muParser"
| #define PACKAGE_TARNAME "muparser"
| #define PACKAGE_VERSION "2.2.2"
| #define PACKAGE_STRING "muParser 2.2.2"
| #define PACKAGE_BUGREPORT "muparser@beltoforion.de"
| #define PACKAGE_URL ""
| /* end confdefs.h.  */
| 
| int
| main ()
| {
| 
|              #ifndef __INTEL_COMPILER
|                 choke me
|              #endif
| 
|   ;
|   return 0;
| }
configure:3635: result: no
configure:4365: checking whether we are using the Intel C++ compiler
configure:4385: g++ -c  -O2  conftest.cpp >&5
conftest.cpp: In function 'int main()':
conftest.cpp:15: error: 'choke' was not declared in this scope
conftest.cpp:15: error: expected ';' before 'me'
configure:4385: $? = 1
configure: failed program was:
| /* confdefs.h */
| #define PACKAGE_NAME "muParser"
| #define PACKAGE_TARNAME "muparser"
| #define PACKAGE_VERSION "2.2.2"
| #define PACKAGE_STRING "muParser 2.2.2"
| #define PACKAGE_BUGREPORT "muparser@beltoforion.de"
| #define PACKAGE_URL ""
| /* end confdefs.h.  */
| 
| int
| main ()
| {
| 
|              #ifndef __INTEL_COMPILER
|                 choke me
|              #endif
| 
|   ;
|   return 0;
| }
configure:4395: result: no
configure:4893: checking whether we are using the Sun C++ compiler
configure:4913: g++ -c  -O2  conftest.cpp >&5
conftest.cpp: In function 'int main()':
conftest.cpp:15: error: 'choke' was not declared in this scope
conftest.cpp:15: error: expected ';' before 'me'
configure:4913: $? = 1
configure: failed program was:
| /* confdefs.h */
| #define PACKAGE_NAME "muParser"
| #define PACKAGE_TARNAME "muparser"
| #define PACKAGE_VERSION "2.2.2"
| #define PACKAGE_STRING "muParser 2.2.2"
| #define PACKAGE_BUGREPORT "muparser@beltoforion.de"
| #define PACKAGE_URL ""
| /* end confdefs.h.  */
| 
| int
| main ()
| {
| 
|              #ifndef __SUNPRO_CC
|                 choke me
|              #endif
| 
|   ;
|   return 0;
| }
configure:4923: result: no
configure:5171: checking for ranlib
configure:5198: result: ranlib
configure:5221: checking whether ln -s works
configure:5225: result: yes
configure:5233: checking whether make sets $(MAKE)
configure:5255: result: yes
configure:5318: checking for ar
configure:5334: found /usr/bin/ar
configure:5345: result: ar
configure:5414: checking for strip
configure:5430: found /usr/bin/strip
configure:5441: result: strip
configure:5506: checking for nm
configure:5522: found /usr/bin/nm
configure:5533: result: nm
configure:5556: checking for command to install directories
configure:5563: result: /usr/bin/install -c -d
configure:5581: checking if make is GNU make
configure:5595: result: yes
configure:6637: checking for dependency tracking method
configure:6658: result: gcc
configure:7284: creating ./config.status

## ---------------------- ##
## Running config.status. ##
## ---------------------- ##

This file was extended by muParser config.status 2.2.2, which was
generated by GNU Autoconf 2.68.  Invocation command line was

  CONFIG_FILES    = 
  CONFIG_HEADERS  = 
  CONFIG_LINKS    = 
  CONFIG_COMMANDS = 
  $ ./config.status 

on dumbo

config.status:822: creating Makefile
config.status:822: creating build/autoconf/muparser.pc

## ---------------- ##
## Cache variables. ##
## ---------------- ##

ac_cv_build=x86_64-unknown-linux-gnu
ac_cv_c_compiler_gnu=yes
ac_cv_cxx_compiler_gnu=yes
ac_cv_env_CCC_set=
ac_cv_env_CCC_value=
ac_cv_env_CC_set=
ac_cv_env_CC_value=
ac_cv_env_CFLAGS_set=
ac_cv_env_CFLAGS_value=
ac_cv_env_CPPFLAGS_set=
ac_cv_env_CPPFLAGS_value=
ac_cv_env_CXXCPP_set=
ac_cv_env_CXXCPP_value=
ac_cv_env_CXXFLAGS_set=
ac_cv_env_CXXFLAGS_value=
ac_cv_env_CXX_set=
ac_cv_env_CXX_value=
ac_cv_env_LDFLAGS_set=
ac_cv_env_LDFLAGS_value=
ac_cv_env_LIBS_set=
ac_cv_env_LIBS_value=
ac_cv_env_build_alias_set=
ac_cv_env_build_alias_value=
ac_cv_env_host_alias_set=
ac_cv_env_host_alias_value=
ac_cv_env_target_alias_set=
ac_cv_env_target_alias_value=
ac_cv_host=x86_64-unknown-linux-gnu
ac_cv_objext=o
ac_cv_path_install='/usr/bin/install -c'
ac_cv_prog_AWK=gawk
ac_cv_prog_CXXCPP='g++ -E'
ac_cv_prog_ac_ct_AR=ar
ac_cv_prog_ac_ct_CC=gcc
ac_cv_prog_ac_ct_CXX=g++
ac_cv_prog_ac_ct_NM=nm
ac_cv_prog_ac_ct_RANLIB=ranlib
ac_cv_prog_ac_ct_STRIP=strip
ac_cv_prog_cc_c89=
ac_cv_prog_cc_g=yes
ac_cv_prog_cxx_g=yes
ac_cv_prog_make_make_set=yes
ac_cv_target=x86_64-unknown-linux-gnu
bakefile_cv_c_compiler___INTEL_COMPILER=no
bakefile_cv_cxx_compiler___INTEL_COMPILER=no
bakefile_cv_cxx_compiler___SUNPRO_CC=no
bakefile_cv_prog_makeisgnu=yes

## ----------------- ##
## Output variables. ##
## ----------------- ##

AIX_CXX_LD=''
AR='ar'
AROPTIONS='rcu'
AWK='gawk'
BK_DEPS='/net/fantasia/home/zhanxw/mycode/mathExpression/software/muparser_v2_2_2/bk-deps'
CC='gcc'
CFLAGS=' -O2'
COND_DEBUG_0=''
COND_DEBUG_1='#'
COND_DEPS_TRACKING_0='#'
COND_DEPS_TRACKING_1=''
COND_PLATFORM_MACOSX_0_USE_SOVERCYGWIN_0_USE_SOVERSION_1=''
COND_PLATFORM_MACOSX_0_USE_SOVERSION_1=''
COND_PLATFORM_MACOSX_1='#'
COND_PLATFORM_MACOSX_1_USE_SOVERSION_1='#'
COND_PLATFORM_MAC_0=''
COND_PLATFORM_MAC_1='#'
COND_PLATFORM_OS2_1='#'
COND_SAMPLES_1=''
COND_SHARED_0=''
COND_SHARED_1='#'
COND_USE_SOTWOSYMLINKS_1=''
COND_USE_SOVERCYGWIN_1_USE_SOVERSION_1='#'
COND_USE_SOVERLINUX_1=''
COND_USE_SOVERSION_0='#'
COND_USE_SOVERSION_1_USE_SOVERSOLARIS_1='#'
COND_USE_SOVERSOLARIS_1='#'
COND_WINDOWS_IMPLIB_1='#'
CPPFLAGS=''
CXX='g++'
CXXCPP='g++ -E'
CXXFLAGS=' -O2'
DEFS='-DPACKAGE_NAME=\"muParser\" -DPACKAGE_TARNAME=\"muparser\" -DPACKAGE_VERSION=\"2.2.2\" -DPACKAGE_STRING=\"muParser\ 2.2.2\" -DPACKAGE_BUGREPORT=\"muparser@beltoforion.de\" -DPACKAGE_URL=\"\"'
DEPS_TRACKING='1'
DLLIMP_SUFFIX='so'
DLLPREFIX='lib'
DLLPREFIX_MODULE=''
ECHO_C=''
ECHO_N='-n'
ECHO_T=''
EXEEXT=''
IF_GNU_MAKE=''
INSTALL_DATA='${INSTALL} -m 644'
INSTALL_DIR='$(INSTALL) -d'
INSTALL_PROGRAM='${INSTALL}'
INSTALL_SCRIPT='${INSTALL}'
LDFLAGS=''
LDFLAGS_GUI=''
LIBEXT='.a'
LIBOBJS=''
LIBPREFIX='lib'
LIBS=''
LN_S='ln -s'
LTLIBOBJS=''
MAKE_SET=''
NM='nm'
OBJCXXFLAGS=''
OBJEXT='o'
PACKAGE_BUGREPORT='muparser@beltoforion.de'
PACKAGE_NAME='muParser'
PACKAGE_STRING='muParser 2.2.2'
PACKAGE_TARNAME='muparser'
PACKAGE_URL=''
PACKAGE_VERSION='2.2.2'
PATH_SEPARATOR=':'
PIC_FLAG='-fPIC -DPIC'
PLATFORM_BEOS='0'
PLATFORM_MAC='0'
PLATFORM_MACOS='0'
PLATFORM_MACOSX='0'
PLATFORM_MSDOS='0'
PLATFORM_OS2='0'
PLATFORM_UNIX='1'
PLATFORM_WIN32='0'
RANLIB='ranlib'
REZ=''
SETFILE=''
SET_MAKE=''
SHARED_LD_CC='$(CC) -shared -fPIC -o'
SHARED_LD_CXX='$(CXX) -shared -fPIC -o'
SHARED_LD_MODULE_CC='$(CC) -shared -fPIC -o'
SHARED_LD_MODULE_CXX='$(CXX) -shared -fPIC -o'
SHELL='/bin/sh'
SONAME_FLAG='-Wl,-soname,'
SO_SUFFIX='so'
SO_SUFFIX_MODULE='so'
STRIP='strip'
USE_MACVERSION='0'
USE_SOTWOSYMLINKS='1'
USE_SOVERCYGWIN='0'
USE_SOVERLINUX='1'
USE_SOVERSION='1'
USE_SOVERSOLARIS='0'
WINDOWS_IMPLIB='0'
WINDRES=''
ac_ct_CC='gcc'
ac_ct_CXX='g++'
bindir='${exec_prefix}/bin'
build='x86_64-unknown-linux-gnu'
build_alias=''
build_cpu='x86_64'
build_os='linux-gnu'
build_vendor='unknown'
datadir='${datarootdir}'
datarootdir='${prefix}/share'
dlldir='${exec_prefix}/lib'
docdir='${datarootdir}/doc/${PACKAGE_TARNAME}'
dvidir='${docdir}'
exec_prefix='${prefix}'
host='x86_64-unknown-linux-gnu'
host_alias=''
host_cpu='x86_64'
host_os='linux-gnu'
host_vendor='unknown'
htmldir='${docdir}'
includedir='${prefix}/include'
infodir='${datarootdir}/info'
libdir='${exec_prefix}/lib'
libexecdir='${exec_prefix}/libexec'
localedir='${datarootdir}/locale'
localstatedir='${prefix}/var'
mandir='${datarootdir}/man'
oldincludedir='/usr/include'
pdfdir='${docdir}'
prefix='/usr/local'
program_transform_name='s,x,x,'
psdir='${docdir}'
sbindir='${exec_prefix}/sbin'
sharedstatedir='${prefix}/com'
sysconfdir='${prefix}/etc'
target='x86_64-unknown-linux-gnu'
target_alias=''
target_cpu='x86_64'
target_os='linux-gnu'
target_vendor='unknown'

## ----------- ##
## confdefs.h. ##
## ----------- ##

/* confdefs.h */
#define PACKAGE_NAME "muParser"
#define PACKAGE_TARNAME "muparser"
#define PACKAGE_VERSION "2.2.2"
#define PACKAGE_STRING "muParser 2.2.2"
#define PACKAGE_BUGREPORT "muparser@beltoforion.de"
#define PACKAGE_URL ""

configure: exit 0
